GROUP,PACKAGE,CLASS,INSTRUCTION_MISSED,INSTRUCTION_COVERED,BRANCH_MISSED,BRANCH_COVERED,LINE_MISSED,LINE_COVERED,COMPLEXITY_MISSED,COMPLEXITY_COVERED,METHOD_MISSED,METHOD_COVERED
prova,br.insper.prova.common,Erro,24,0,0,0,10,0,7,0,7,0
prova,br.insper.prova.time,TimeService,25,3,0,0,4,1,2,1,2,1
prova,br.insper.prova.time,RetornarTimeDTO,26,0,0,0,12,0,6,0,6,0
prova,br.insper.prova.time,TimeNaoEncontradoException,4,0,0,0,2,0,1,0,1,0
prova,br.insper.prova,ProvaApplication,5,3,0,0,2,1,1,1,1,1
prova,br.insper.prova.jogador,JogadorNaoEncontradoException,4,0,0,0,2,0,1,0,1,0
prova,br.insper.prova.jogador,Jogador,15,28,0,0,6,13,2,8,2,8
prova,br.insper.prova.jogador,JogadorService,41,25,3,1,10,7,3,3,1,3
prova,br.insper.prova.jogador,JogadorController,15,3,0,0,3,1,3,1,3,1
